<?xml version="1.0" encoding="UTF-8"?>
<!-- Generated by org.testng.reporters.JUnitReportReporter -->
<testsuite hostname="Renu" failures="0" tests="1" name="testcases.rediff.PortfolioManagement" time="11.999" errors="0" timestamp="2022-01-25T19:20:30 IST" skipped="0">
  <testcase classname="testcases.rediff.PortfolioManagement" name="deletePortfolio" time="11.999"/>
  <system-out/>
</testsuite> <!-- testcases.rediff.PortfolioManagement -->
